==============================================================================
Tests                                                                         
==============================================================================
Tests.PracticeProjectUITest                                                   
==============================================================================
Tests.PracticeProjectUITest.testDemo5 :: To validate login form               
==============================================================================
special characters                                                      
  Traceback (most recent call last):
    ~~~~~~~~~~~~~~~~~~~~~~~~~~~~~~~~~~~~~~~~~~~~~~~~~~~~~~~~~~~~~~~~~~~~~~~~~~
    File  D:\Python Automation Framework\PythonFramework\RobotFramework\tests\PracticeProjectUITest\testDemo5.robot:16
    T:  special characters    
    ~~~~~~~~~~~~~~~~~~~~~~~~~~~~~~~~~~~~~~~~~~~~~~~~~~~~~~~~~~~~~~~~~~~~~~~~~~
    File  D:\Python Automation Framework\PythonFramework\RobotFramework\tests\PracticeProjectUITest\testDemo5.robot:16
      Validate Unsuccessful login    @#$    learning
    ~~~~~~~~~~~~~~~~~~~~~~~~~~~~~~~~~~~~~~~~~~~~~~~~~~~~~~~~~~~~~~~~~~~~~~~~~~
    File  D:\Python Automation Framework\PythonFramework\RobotFramework\tests\PracticeProjectUITest\testDemo5.robot:26
      Fill the login form    ${username}    ${password}
      |  ${username} = @#$ (str)
      |  ${password} = learning (str)
    ~~~~~~~~~~~~~~~~~~~~~~~~~~~~~~~~~~~~~~~~~~~~~~~~~~~~~~~~~~~~~~~~~~~~~~~~~~
    File  D:\Python Automation Framework\PythonFramework\RobotFramework\tests\PracticeProjectUITest\testDemo5.robot:36
      Input Text    id:username    ${username}
      |  ${username} = @#$ (str)
______________________________________________________________________________
| FAIL |
Element with locator 'id:username' not found.
------------------------------------------------------------------------------
Tests.PracticeProjectUITest.testDemo5 :: To validate login form       | FAIL |
1 test, 0 passed, 1 failed
==============================================================================
Tests.PracticeProjectUITest                                           | FAIL |
1 test, 0 passed, 1 failed
==============================================================================
Tests                                                                 | FAIL |
1 test, 0 passed, 1 failed
==============================================================================
Output:  D:\Python Automation Framework\PythonFramework\RobotFramework\pabot_results\17\output.xml
