==============================================================================
Tests                                                                         
==============================================================================
Tests.PracticeProjectAPITest                                                  
==============================================================================
Tests.PracticeProjectAPITest.e2eAPITest                                       
==============================================================================
Retrieve the Book Details which got added using AuthorName              
  Traceback (most recent call last):
    ~~~~~~~~~~~~~~~~~~~~~~~~~~~~~~~~~~~~~~~~~~~~~~~~~~~~~~~~~~~~~~~~~~~~~~~~~~
    File  D:\Python Automation Framework\PythonFramework\RobotFramework\tests\PracticeProjectAPITest\e2eAPITest.robot:51
    T:  Retrieve the Book Details which got added using AuthorName    
    ~~~~~~~~~~~~~~~~~~~~~~~~~~~~~~~~~~~~~~~~~~~~~~~~~~~~~~~~~~~~~~~~~~~~~~~~~~
    File  D:\Python Automation Framework\PythonFramework\RobotFramework\tests\PracticeProjectAPITest\e2eAPITest.robot:53
      GET    ${base_url}/Library/GetBook.php    params=AuthorName=${author_name}    expected_status=200
      |  ${base_url}/Library/GetBook.php = https://rahulshettyacademy.com/Library/GetBook.php (str)
      |  params=AuthorName=${author_name} = params=AuthorName=Javier Moreno (str)
______________________________________________________________________________
| FAIL |
Url: https://rahulshettyacademy.com/Library/GetBook.php?AuthorName=Javier%20Moreno Expected status: 404 != 200
------------------------------------------------------------------------------
Tests.PracticeProjectAPITest.e2eAPITest                               | FAIL |
1 test, 0 passed, 1 failed
==============================================================================
Tests.PracticeProjectAPITest                                          | FAIL |
1 test, 0 passed, 1 failed
==============================================================================
Tests                                                                 | FAIL |
1 test, 0 passed, 1 failed
==============================================================================
Output:  D:\Python Automation Framework\PythonFramework\RobotFramework\pabot_results\3\output.xml
