==============================================================================
Tests                                                                         
==============================================================================
Tests.PracticeProjectUITest                                                   
==============================================================================
Tests.PracticeProjectUITest.e2eTest :: To validate login form                 
==============================================================================
Select the Form and Navigate to child window                            
  Traceback (most recent call last):
    ~~~~~~~~~~~~~~~~~~~~~~~~~~~~~~~~~~~~~~~~~~~~~~~~~~~~~~~~~~~~~~~~~~~~~~~~~~
    File  D:\Python Automation Framework\PythonFramework\RobotFramework\tests\PracticeProjectUITest\e2eTest.robot:43
    T:  Select the Form and Navigate to child window    
    ~~~~~~~~~~~~~~~~~~~~~~~~~~~~~~~~~~~~~~~~~~~~~~~~~~~~~~~~~~~~~~~~~~~~~~~~~~
    File  D:\Python Automation Framework\PythonFramework\RobotFramework\tests\PracticeProjectUITest\e2eTest.robot:45
      Fill the Login Details and Login Form    
    ~~~~~~~~~~~~~~~~~~~~~~~~~~~~~~~~~~~~~~~~~~~~~~~~~~~~~~~~~~~~~~~~~~~~~~~~~~
    File  D:\Python Automation Framework\PythonFramework\RobotFramework\PageObjects\PracticePage_PageObjects\LandingPage.robot:29
      Input Text    id:username    rahulshettyacademy
______________________________________________________________________________
| FAIL |
Element with locator 'id:username' not found.
------------------------------------------------------------------------------
Tests.PracticeProjectUITest.e2eTest :: To validate login form         | FAIL |
1 test, 0 passed, 1 failed
==============================================================================
Tests.PracticeProjectUITest                                           | FAIL |
1 test, 0 passed, 1 failed
==============================================================================
Tests                                                                 | FAIL |
1 test, 0 passed, 1 failed
==============================================================================
Output:  D:\Python Automation Framework\PythonFramework\RobotFramework\pabot_results\7\output.xml
