==============================================================================
Tests                                                                         
==============================================================================
Tests.PracticeProjectUITest                                                   
==============================================================================
Tests.PracticeProjectUITest.testDemo6 :: To validate login form               
==============================================================================
Invalid username                                                      | PASS |
------------------------------------------------------------------------------
Invalid password                                                      | PASS |
------------------------------------------------------------------------------
special characters                                                    | PASS |
------------------------------------------------------------------------------
Tests.PracticeProjectUITest.testDemo6 :: To validate login form       | PASS |
3 tests, 3 passed, 0 failed
==============================================================================
Tests.PracticeProjectUITest                                           | PASS |
3 tests, 3 passed, 0 failed
==============================================================================
Tests                                                                 | PASS |
3 tests, 3 passed, 0 failed
==============================================================================
Output:  D:\Python Automation Framework\PythonFramework\RobotFramework\pabot_results\18\output.xml
